0 info it worked if it ends with ok
1 verbose cli [ '/usr/bin/node', '/usr/bin/npm', 'start' ]
2 info using npm@3.10.10
3 info using node@v6.11.2
4 verbose run-script [ 'prestart', 'start', 'poststart' ]
5 info lifecycle slack@8.3.1~prestart: slack@8.3.1
6 silly lifecycle slack@8.3.1~prestart: no script for prestart, continuing
7 info lifecycle slack@8.3.1~start: slack@8.3.1
8 verbose lifecycle slack@8.3.1~start: unsafe-perm in lifecycle true
9 verbose lifecycle slack@8.3.1~start: PATH: /usr/lib/node_modules/npm/bin/node-gyp-bin:/home/abhay/psl_status_service/psl_status_repo/node_modules/.bin:/usr/lib64/ccache:/usr/local/bin:/usr/bin:/usr/local/sbin:/usr/sbin:/home/abhay/.local/bin:/home/abhay/bin
10 verbose lifecycle slack@8.3.1~start: CWD: /home/abhay/psl_status_service/psl_status_repo
11 silly lifecycle slack@8.3.1~start: Args: [ '-c',
11 silly lifecycle   'babel-node --presets es2015 test/channels.history-test.js  &&  babel-node --presets es2015 test/users.list-test.js  && babel-node --presets es2015 test/channels.list-test.js && node app.js' ]
12 silly lifecycle slack@8.3.1~start: Returned: code: 1  signal: null
13 info lifecycle slack@8.3.1~start: Failed to exec start script
14 verbose stack Error: slack@8.3.1 start: `babel-node --presets es2015 test/channels.history-test.js  &&  babel-node --presets es2015 test/users.list-test.js  && babel-node --presets es2015 test/channels.list-test.js && node app.js`
14 verbose stack Exit status 1
14 verbose stack     at EventEmitter.<anonymous> (/usr/lib/node_modules/npm/lib/utils/lifecycle.js:255:16)
14 verbose stack     at emitTwo (events.js:106:13)
14 verbose stack     at EventEmitter.emit (events.js:191:7)
14 verbose stack     at ChildProcess.<anonymous> (/usr/lib/node_modules/npm/lib/utils/spawn.js:40:14)
14 verbose stack     at emitTwo (events.js:106:13)
14 verbose stack     at ChildProcess.emit (events.js:191:7)
14 verbose stack     at maybeClose (internal/child_process.js:891:16)
14 verbose stack     at Process.ChildProcess._handle.onexit (internal/child_process.js:226:5)
15 verbose pkgid slack@8.3.1
16 verbose cwd /home/abhay/psl_status_service/psl_status_repo
17 error Linux 3.10.0-514.26.2.el7.x86_64
18 error argv "/usr/bin/node" "/usr/bin/npm" "start"
19 error node v6.11.2
20 error npm  v3.10.10
21 error code ELIFECYCLE
22 error slack@8.3.1 start: `babel-node --presets es2015 test/channels.history-test.js  &&  babel-node --presets es2015 test/users.list-test.js  && babel-node --presets es2015 test/channels.list-test.js && node app.js`
22 error Exit status 1
23 error Failed at the slack@8.3.1 start script 'babel-node --presets es2015 test/channels.history-test.js  &&  babel-node --presets es2015 test/users.list-test.js  && babel-node --presets es2015 test/channels.list-test.js && node app.js'.
23 error Make sure you have the latest version of node.js and npm installed.
23 error If you do, this is most likely a problem with the slack package,
23 error not with npm itself.
23 error Tell the author that this fails on your system:
23 error     babel-node --presets es2015 test/channels.history-test.js  &&  babel-node --presets es2015 test/users.list-test.js  && babel-node --presets es2015 test/channels.list-test.js && node app.js
23 error You can get information on how to open an issue for this project with:
23 error     npm bugs slack
23 error Or if that isn't available, you can get their info via:
23 error     npm owner ls slack
23 error There is likely additional logging output above.
24 verbose exit [ 1, true ]
